{"level":"error","message":"Este es el error"}
{"level":"fatal","message":"Este es el fatal"}
{"level":"error","message":"Este es el error"}
{"level":"fatal","message":"Este es el fatal"}
{"level":"error","message":"Este es el error"}
{"level":"fatal","message":"Este es el fatal"}
{"level":"error","message":"Este es el error"}
{"level":"fatal","message":"Este es el fatal"}
{"level":"error","message":"Este es el error"}
{"level":"fatal","message":"Este es el fatal"}
error: Este es el error
fatal: Este es el fatal
error: Este es el error
fatal: Este es el fatal
error: Este es el error
fatal: Este es el fatal
error: Este es el error
fatal: Este es el fatal
error: Este es el error
fatal: Este es el fatal
error: Este es el error
error: Este es el error
error: Este es el error
fatal: Este es el fatal
error: undefined {"code":11000,"index":0,"keyPattern":{"title":1},"keyValue":{"title":"Auto de prueba"}}
error: undefined {"kind":"ObjectId","path":"_id","reason":{},"stringValue":"\"asdfasdfgfagas5465as45s\"","value":"asdfasdfgfagas5465as45s","valueType":"string"}
error: undefined
error: undefined
error: undefined
error: undefined
error: undefined
error: undefined
error: undefined
error: undefined
error: undefined
error: undefined
error: undefined
error: undefined
error: undefined
error: undefined
error: undefined
error: undefined
error: undefined
error: undefined
error: undefined
error: undefined
error: undefined
error: undefined
error: undefined
error: undefined
error: undefined
error: undefined
error: undefined
error: undefined
error: undefined
error: undefined
error: undefined
error: undefined
error: undefined
error: undefined
error: undefined
error: undefined
error: undefined
error: undefined
error: undefined
error: undefined
error: undefined
error: undefined
error: undefined
error: undefined
error: undefined
error: undefined
error: undefined
error: undefined
error: undefined
error: undefined
error: undefined
error: undefined
error: undefined
error: undefined
error: undefined
error: undefined
error: undefined
error: undefined
error: undefined
error: undefined
error: undefined
error: undefined
error: undefined
error: undefined
error: undefined
error: undefined
error: undefined
error: undefined
error: undefined
error: undefined
error: undefined
error: undefined {"kind":"ObjectId","path":"_id","reason":{},"stringValue":"\"$\"","value":"$","valueType":"string"}
error: undefined {"kind":"ObjectId","path":"_id","reason":{},"stringValue":"\"undefined\"","value":"undefined","valueType":"string"}
error: undefined
error: undefined {"kind":"ObjectId","path":"_id","reason":{},"stringValue":"\"undefined\"","value":"undefined","valueType":"string"}
error: undefined
error: undefined {"kind":"ObjectId","path":"_id","reason":{},"stringValue":"\"undefined\"","value":"undefined","valueType":"string"}
error: undefined
error: undefined {"kind":"ObjectId","path":"_id","reason":{},"stringValue":"\"undefined\"","value":"undefined","valueType":"string"}
error: undefined
error: undefined
error: undefined
error: undefined
error: undefined {"kind":"ObjectId","path":"_id","reason":{},"stringValue":"\"undefined\"","value":"undefined","valueType":"string"}
error: undefined {"kind":"ObjectId","path":"_id","reason":{},"stringValue":"\"6522ef348e56141f2cfffe9\"","value":"6522ef348e56141f2cfffe9","valueType":"string"}
error: undefined {"kind":"ObjectId","path":"_id","reason":{},"stringValue":"\"undefined\"","value":"undefined","valueType":"string"}
error: undefined {"kind":"ObjectId","path":"_id","reason":{},"stringValue":"\"undefined\"","value":"undefined","valueType":"string"}
error: undefined {"kind":"ObjectId","path":"_id","reason":{},"stringValue":"\"undefined\"","value":"undefined","valueType":"string"}
error: undefined
error: undefined
error: undefined {"kind":"ObjectId","path":"_id","reason":{},"stringValue":"\"undefined\"","value":"undefined","valueType":"string"}
error: undefined
error: undefined
error: undefined
error: undefined
error: undefined
error: undefined
error: undefined
error: undefined
error: undefined
error: undefined
error: undefined
error: undefined
error: undefined
error: undefined
error: undefined
error: undefined
error: undefined
error: undefined {"kind":"ObjectId","path":"_id","reason":{},"stringValue":"\"undefined\"","value":"undefined","valueType":"string"}
error: undefined {"kind":"ObjectId","path":"_id","reason":{},"stringValue":"\"undefined\"","value":"undefined","valueType":"string"}
error: undefined
error: undefined
error: undefined
error: undefined
error: undefined
error: undefined
error: undefined
error: undefined
error: undefined
error: undefined
error: undefined
error: undefined
error: undefined
error: undefined
error: undefined
error: undefined
error: undefined
error: undefined
error: undefined
error: undefined
error: undefined
error: undefined
error: undefined
error: undefined
error: undefined
error: undefined
error: undefined
error: undefined
error: undefined
error: undefined
error: undefined
error: undefined
error: undefined
error: undefined
error: jwt must be provided {"name":"JsonWebTokenError"}
error: jwt must be provided {"name":"JsonWebTokenError"}
error: jwt must be provided {"name":"JsonWebTokenError"}
error: jwt must be provided {"name":"JsonWebTokenError"}
error: undefined
error: undefined
error: undefined
error: undefined
error: undefined
error: undefined {"_message":"tickets validation failed","errors":{"productos.0.productId":{"kind":"required","message":"Path `productId` is required.","name":"ValidatorError","path":"productId","properties":{"message":"Path `productId` is required.","path":"productId","type":"required"}}}}
error: undefined {"_message":"tickets validation failed","errors":{"productos.0.productId":{"kind":"required","message":"Path `productId` is required.","name":"ValidatorError","path":"productId","properties":{"message":"Path `productId` is required.","path":"productId","type":"required"}},"productos.1.productId":{"kind":"required","message":"Path `productId` is required.","name":"ValidatorError","path":"productId","properties":{"message":"Path `productId` is required.","path":"productId","type":"required"}}}}
error: undefined {"_message":"tickets validation failed","errors":{"productos.0.productId":{"kind":"required","message":"Path `productId` is required.","name":"ValidatorError","path":"productId","properties":{"message":"Path `productId` is required.","path":"productId","type":"required"}}}}
error: undefined {"_message":"tickets validation failed","errors":{"productos.0.title":{"kind":"ObjectId","message":"Cast to ObjectId failed for value \"jeep Grand Cherokee\" (type string) at path \"title\" because of \"BSONError\"","name":"CastError","path":"title","reason":{},"stringValue":"\"jeep Grand Cherokee\"","value":"jeep Grand Cherokee","valueType":"string"}}}
